14:12:48.185 [restartedMain] INFO  c.d.p.PeoplemanagementApplication - Starting PeoplemanagementApplication using Java 17.0.1 with PID 69480 (C:\Users\dougl\Documents\codes\peoplemanagement\target\classes started by dougl in C:\Users\dougl\Documents\codes\peoplemanagement)
14:12:48.187 [restartedMain] DEBUG c.d.p.PeoplemanagementApplication - Running with Spring Boot v3.0.1, Spring v6.0.3
14:12:48.188 [restartedMain] INFO  c.d.p.PeoplemanagementApplication - No active profile set, falling back to 1 default profile: "default"
14:12:48.240 [restartedMain] INFO  o.s.b.d.e.DevToolsPropertyDefaultsPostProcessor - Devtools property defaults active! Set 'spring.devtools.add-properties' to 'false' to disable
14:12:48.245 [restartedMain] INFO  o.s.b.d.e.DevToolsPropertyDefaultsPostProcessor - For additional web related logging consider setting the 'logging.level.web' property to 'DEBUG'
14:12:49.035 [restartedMain] INFO  o.s.d.r.c.RepositoryConfigurationDelegate - Bootstrapping Spring Data JPA repositories in DEFAULT mode.
14:12:49.096 [restartedMain] INFO  o.s.d.r.c.RepositoryConfigurationDelegate - Finished Spring Data repository scanning in 52 ms. Found 1 JPA repository interfaces.
14:12:49.711 [restartedMain] INFO  o.s.b.w.e.tomcat.TomcatWebServer - Tomcat initialized with port(s): 8080 (http)
14:12:49.785 [restartedMain] INFO  o.s.b.w.s.c.ServletWebServerApplicationContext - Root WebApplicationContext: initialization completed in 1540 ms
14:12:50.069 [restartedMain] INFO  o.s.b.a.h.H2ConsoleAutoConfiguration - H2 console available at '/h2-console'. Database available at 'jdbc:h2:file:~/people-management'
14:12:51.454 [restartedMain] INFO  o.s.o.j.LocalContainerEntityManagerFactoryBean - Initialized JPA EntityManagerFactory for persistence unit 'default'
14:12:52.075 [restartedMain] WARN  o.s.b.a.o.j.JpaBaseConfiguration$JpaWebConfiguration - spring.jpa.open-in-view is enabled by default. Therefore, database queries may be performed during view rendering. Explicitly configure spring.jpa.open-in-view to disable this warning
14:12:53.278 [restartedMain] INFO  o.s.b.d.a.OptionalLiveReloadServer - LiveReload server is running on port 35729
14:12:53.328 [restartedMain] INFO  o.s.b.w.e.tomcat.TomcatWebServer - Tomcat started on port(s): 8080 (http) with context path ''
14:12:53.340 [restartedMain] INFO  c.d.p.PeoplemanagementApplication - Started PeoplemanagementApplication in 5.708 seconds (process running for 6.591)
14:13:08.476 [http-nio-8080-exec-1] INFO  o.s.web.servlet.DispatcherServlet - Initializing Servlet 'dispatcherServlet'
14:13:08.478 [http-nio-8080-exec-1] INFO  o.s.web.servlet.DispatcherServlet - Completed initialization in 1 ms
14:13:08.679 [http-nio-8080-exec-1] INFO  c.d.p.i.logger.LoggerAdapter - Pessoa de nome Douglas Silva e id 69 criada!
14:13:40.699 [http-nio-8080-exec-3] INFO  c.d.p.i.logger.LoggerAdapter - Pessoa de nome Douglas Ferreira e id 70 criada!
14:14:30.852 [http-nio-8080-exec-3] INFO  c.d.p.i.logger.LoggerAdapter - Pessoa de nome Douglas Silva e id 69 deletada!
14:15:14.673 [http-nio-8080-exec-4] INFO  c.d.p.i.logger.LoggerAdapter - Pessoa de nome Marta Marciel e id 70 editada!
14:17:23.941 [File Watcher] INFO  o.s.b.d.a.LocalDevToolsAutoConfiguration$RestartingClassPathChangeChangedEventListener - Restarting due to 1 class path change (0 additions, 0 deletions, 1 modification)
14:17:23.968 [Thread-6] INFO  o.s.o.j.LocalContainerEntityManagerFactoryBean - Closing JPA EntityManagerFactory for persistence unit 'default'
14:17:24.105 [restartedMain] INFO  c.d.p.PeoplemanagementApplication - Starting PeoplemanagementApplication using Java 17.0.1 with PID 69480 (C:\Users\dougl\Documents\codes\peoplemanagement\target\classes started by dougl in C:\Users\dougl\Documents\codes\peoplemanagement)
14:17:24.105 [restartedMain] DEBUG c.d.p.PeoplemanagementApplication - Running with Spring Boot v3.0.1, Spring v6.0.3
14:17:24.105 [restartedMain] INFO  c.d.p.PeoplemanagementApplication - No active profile set, falling back to 1 default profile: "default"
14:17:24.375 [restartedMain] INFO  o.s.d.r.c.RepositoryConfigurationDelegate - Bootstrapping Spring Data JPA repositories in DEFAULT mode.
14:17:24.387 [restartedMain] INFO  o.s.d.r.c.RepositoryConfigurationDelegate - Finished Spring Data repository scanning in 11 ms. Found 1 JPA repository interfaces.
14:17:24.498 [restartedMain] INFO  o.s.b.w.e.tomcat.TomcatWebServer - Tomcat initialized with port(s): 8080 (http)
14:17:24.519 [restartedMain] INFO  o.s.b.w.s.c.ServletWebServerApplicationContext - Root WebApplicationContext: initialization completed in 412 ms
14:17:24.544 [restartedMain] INFO  o.s.b.a.h.H2ConsoleAutoConfiguration - H2 console available at '/h2-console'. Database available at 'jdbc:h2:file:~/people-management'
14:17:24.632 [restartedMain] INFO  o.s.o.j.LocalContainerEntityManagerFactoryBean - Initialized JPA EntityManagerFactory for persistence unit 'default'
14:17:24.779 [restartedMain] WARN  o.s.b.a.o.j.JpaBaseConfiguration$JpaWebConfiguration - spring.jpa.open-in-view is enabled by default. Therefore, database queries may be performed during view rendering. Explicitly configure spring.jpa.open-in-view to disable this warning
14:17:25.379 [restartedMain] INFO  o.s.b.d.a.OptionalLiveReloadServer - LiveReload server is running on port 35729
14:17:25.395 [restartedMain] INFO  o.s.b.w.e.tomcat.TomcatWebServer - Tomcat started on port(s): 8080 (http) with context path ''
14:17:25.400 [restartedMain] INFO  c.d.p.PeoplemanagementApplication - Started PeoplemanagementApplication in 1.339 seconds (process running for 278.651)
14:17:25.403 [restartedMain] INFO  o.s.b.d.a.ConditionEvaluationDeltaLoggingListener - Condition evaluation unchanged
14:17:28.766 [http-nio-8080-exec-2] INFO  o.s.web.servlet.DispatcherServlet - Initializing Servlet 'dispatcherServlet'
14:17:28.767 [http-nio-8080-exec-2] INFO  o.s.web.servlet.DispatcherServlet - Completed initialization in 1 ms
14:17:28.783 [http-nio-8080-exec-2] INFO  c.d.p.i.logger.LoggerAdapter - Pessoa de id 70 editada para nome = Marta Marciel e data de nascimento = 1997-10-27
14:17:58.749 [File Watcher] INFO  o.s.b.d.a.LocalDevToolsAutoConfiguration$RestartingClassPathChangeChangedEventListener - Restarting due to 1 class path change (0 additions, 0 deletions, 1 modification)
14:17:58.767 [Thread-8] INFO  o.s.o.j.LocalContainerEntityManagerFactoryBean - Closing JPA EntityManagerFactory for persistence unit 'default'
14:17:58.878 [restartedMain] INFO  c.d.p.PeoplemanagementApplication - Starting PeoplemanagementApplication using Java 17.0.1 with PID 69480 (C:\Users\dougl\Documents\codes\peoplemanagement\target\classes started by dougl in C:\Users\dougl\Documents\codes\peoplemanagement)
14:17:58.878 [restartedMain] DEBUG c.d.p.PeoplemanagementApplication - Running with Spring Boot v3.0.1, Spring v6.0.3
14:17:58.878 [restartedMain] INFO  c.d.p.PeoplemanagementApplication - No active profile set, falling back to 1 default profile: "default"
14:17:59.094 [restartedMain] INFO  o.s.d.r.c.RepositoryConfigurationDelegate - Bootstrapping Spring Data JPA repositories in DEFAULT mode.
14:17:59.104 [restartedMain] INFO  o.s.d.r.c.RepositoryConfigurationDelegate - Finished Spring Data repository scanning in 10 ms. Found 1 JPA repository interfaces.
14:17:59.185 [restartedMain] INFO  o.s.b.w.e.tomcat.TomcatWebServer - Tomcat initialized with port(s): 8080 (http)
14:17:59.207 [restartedMain] INFO  o.s.b.w.s.c.ServletWebServerApplicationContext - Root WebApplicationContext: initialization completed in 327 ms
14:17:59.229 [restartedMain] INFO  o.s.b.a.h.H2ConsoleAutoConfiguration - H2 console available at '/h2-console'. Database available at 'jdbc:h2:file:~/people-management'
14:17:59.302 [restartedMain] INFO  o.s.o.j.LocalContainerEntityManagerFactoryBean - Initialized JPA EntityManagerFactory for persistence unit 'default'
14:17:59.427 [restartedMain] WARN  o.s.b.a.o.j.JpaBaseConfiguration$JpaWebConfiguration - spring.jpa.open-in-view is enabled by default. Therefore, database queries may be performed during view rendering. Explicitly configure spring.jpa.open-in-view to disable this warning
14:18:00.002 [restartedMain] INFO  o.s.b.d.a.OptionalLiveReloadServer - LiveReload server is running on port 35729
14:18:00.016 [restartedMain] INFO  o.s.b.w.e.tomcat.TomcatWebServer - Tomcat started on port(s): 8080 (http) with context path ''
14:18:00.024 [restartedMain] INFO  c.d.p.PeoplemanagementApplication - Started PeoplemanagementApplication in 1.179 seconds (process running for 313.274)
14:18:00.027 [restartedMain] INFO  o.s.b.d.a.ConditionEvaluationDeltaLoggingListener - Condition evaluation unchanged
14:18:50.832 [http-nio-8080-exec-2] INFO  o.s.web.servlet.DispatcherServlet - Initializing Servlet 'dispatcherServlet'
14:18:50.833 [http-nio-8080-exec-2] INFO  o.s.web.servlet.DispatcherServlet - Completed initialization in 1 ms
14:18:50.869 [http-nio-8080-exec-2] INFO  c.d.p.i.logger.LoggerAdapter - Adicionado endereço Endereco(id=null, logradouro=Rua sem número, cep=com.dougdeveloper.peoplemanagement.dominio.pessoa.Cep@7166433, numero=325, cidade=Campinas, principal=true) à pessoa de nome Marta Marciel e id 70
14:19:46.201 [File Watcher] INFO  o.s.b.d.a.LocalDevToolsAutoConfiguration$RestartingClassPathChangeChangedEventListener - Restarting due to 1 class path change (0 additions, 0 deletions, 1 modification)
14:19:46.219 [Thread-12] INFO  o.s.o.j.LocalContainerEntityManagerFactoryBean - Closing JPA EntityManagerFactory for persistence unit 'default'
14:19:46.326 [restartedMain] INFO  c.d.p.PeoplemanagementApplication - Starting PeoplemanagementApplication using Java 17.0.1 with PID 69480 (C:\Users\dougl\Documents\codes\peoplemanagement\target\classes started by dougl in C:\Users\dougl\Documents\codes\peoplemanagement)
14:19:46.326 [restartedMain] DEBUG c.d.p.PeoplemanagementApplication - Running with Spring Boot v3.0.1, Spring v6.0.3
14:19:46.326 [restartedMain] INFO  c.d.p.PeoplemanagementApplication - No active profile set, falling back to 1 default profile: "default"
14:19:46.535 [restartedMain] INFO  o.s.d.r.c.RepositoryConfigurationDelegate - Bootstrapping Spring Data JPA repositories in DEFAULT mode.
14:19:46.547 [restartedMain] INFO  o.s.d.r.c.RepositoryConfigurationDelegate - Finished Spring Data repository scanning in 9 ms. Found 1 JPA repository interfaces.
14:19:46.632 [restartedMain] INFO  o.s.b.w.e.tomcat.TomcatWebServer - Tomcat initialized with port(s): 8080 (http)
14:19:46.872 [restartedMain] INFO  o.s.b.w.s.c.ServletWebServerApplicationContext - Root WebApplicationContext: initialization completed in 544 ms
14:19:46.892 [restartedMain] INFO  o.s.b.a.h.H2ConsoleAutoConfiguration - H2 console available at '/h2-console'. Database available at 'jdbc:h2:file:~/people-management'
14:19:46.971 [restartedMain] INFO  o.s.o.j.LocalContainerEntityManagerFactoryBean - Initialized JPA EntityManagerFactory for persistence unit 'default'
14:19:47.109 [restartedMain] WARN  o.s.b.a.o.j.JpaBaseConfiguration$JpaWebConfiguration - spring.jpa.open-in-view is enabled by default. Therefore, database queries may be performed during view rendering. Explicitly configure spring.jpa.open-in-view to disable this warning
14:19:47.659 [restartedMain] INFO  o.s.b.d.a.OptionalLiveReloadServer - LiveReload server is running on port 35729
14:19:47.672 [restartedMain] INFO  o.s.b.w.e.tomcat.TomcatWebServer - Tomcat started on port(s): 8080 (http) with context path ''
14:19:47.678 [restartedMain] INFO  c.d.p.PeoplemanagementApplication - Started PeoplemanagementApplication in 1.384 seconds (process running for 420.929)
14:19:47.680 [restartedMain] INFO  o.s.b.d.a.ConditionEvaluationDeltaLoggingListener - Condition evaluation unchanged
14:19:50.126 [File Watcher] INFO  o.s.b.d.a.LocalDevToolsAutoConfiguration$RestartingClassPathChangeChangedEventListener - Restarting due to 1 class path change (0 additions, 0 deletions, 1 modification)
14:19:50.144 [Thread-16] INFO  o.s.o.j.LocalContainerEntityManagerFactoryBean - Closing JPA EntityManagerFactory for persistence unit 'default'
14:19:50.251 [restartedMain] INFO  c.d.p.PeoplemanagementApplication - Starting PeoplemanagementApplication using Java 17.0.1 with PID 69480 (C:\Users\dougl\Documents\codes\peoplemanagement\target\classes started by dougl in C:\Users\dougl\Documents\codes\peoplemanagement)
14:19:50.251 [restartedMain] DEBUG c.d.p.PeoplemanagementApplication - Running with Spring Boot v3.0.1, Spring v6.0.3
14:19:50.251 [restartedMain] INFO  c.d.p.PeoplemanagementApplication - No active profile set, falling back to 1 default profile: "default"
14:19:50.460 [restartedMain] INFO  o.s.d.r.c.RepositoryConfigurationDelegate - Bootstrapping Spring Data JPA repositories in DEFAULT mode.
14:19:50.469 [restartedMain] INFO  o.s.d.r.c.RepositoryConfigurationDelegate - Finished Spring Data repository scanning in 9 ms. Found 1 JPA repository interfaces.
14:19:50.547 [restartedMain] INFO  o.s.b.w.e.tomcat.TomcatWebServer - Tomcat initialized with port(s): 8080 (http)
14:19:50.566 [restartedMain] INFO  o.s.b.w.s.c.ServletWebServerApplicationContext - Root WebApplicationContext: initialization completed in 313 ms
14:19:50.592 [restartedMain] INFO  o.s.b.a.h.H2ConsoleAutoConfiguration - H2 console available at '/h2-console'. Database available at 'jdbc:h2:file:~/people-management'
14:19:50.664 [restartedMain] INFO  o.s.o.j.LocalContainerEntityManagerFactoryBean - Initialized JPA EntityManagerFactory for persistence unit 'default'
14:19:50.821 [restartedMain] WARN  o.s.b.a.o.j.JpaBaseConfiguration$JpaWebConfiguration - spring.jpa.open-in-view is enabled by default. Therefore, database queries may be performed during view rendering. Explicitly configure spring.jpa.open-in-view to disable this warning
14:19:51.464 [restartedMain] INFO  o.s.b.d.a.OptionalLiveReloadServer - LiveReload server is running on port 35729
14:19:51.477 [restartedMain] INFO  o.s.b.w.e.tomcat.TomcatWebServer - Tomcat started on port(s): 8080 (http) with context path ''
14:19:51.484 [restartedMain] INFO  c.d.p.PeoplemanagementApplication - Started PeoplemanagementApplication in 1.266 seconds (process running for 424.735)
14:19:51.486 [restartedMain] INFO  o.s.b.d.a.ConditionEvaluationDeltaLoggingListener - Condition evaluation unchanged
14:19:52.911 [File Watcher] INFO  o.s.b.d.a.LocalDevToolsAutoConfiguration$RestartingClassPathChangeChangedEventListener - Restarting due to 1 class path change (0 additions, 0 deletions, 1 modification)
14:19:52.928 [Thread-20] INFO  o.s.o.j.LocalContainerEntityManagerFactoryBean - Closing JPA EntityManagerFactory for persistence unit 'default'
14:19:53.016 [restartedMain] INFO  c.d.p.PeoplemanagementApplication - Starting PeoplemanagementApplication using Java 17.0.1 with PID 69480 (C:\Users\dougl\Documents\codes\peoplemanagement\target\classes started by dougl in C:\Users\dougl\Documents\codes\peoplemanagement)
14:19:53.016 [restartedMain] DEBUG c.d.p.PeoplemanagementApplication - Running with Spring Boot v3.0.1, Spring v6.0.3
14:19:53.016 [restartedMain] INFO  c.d.p.PeoplemanagementApplication - No active profile set, falling back to 1 default profile: "default"
14:19:53.220 [restartedMain] INFO  o.s.d.r.c.RepositoryConfigurationDelegate - Bootstrapping Spring Data JPA repositories in DEFAULT mode.
14:19:53.229 [restartedMain] INFO  o.s.d.r.c.RepositoryConfigurationDelegate - Finished Spring Data repository scanning in 9 ms. Found 1 JPA repository interfaces.
14:19:53.308 [restartedMain] INFO  o.s.b.w.e.tomcat.TomcatWebServer - Tomcat initialized with port(s): 8080 (http)
14:19:53.330 [restartedMain] INFO  o.s.b.w.s.c.ServletWebServerApplicationContext - Root WebApplicationContext: initialization completed in 312 ms
14:19:53.350 [restartedMain] INFO  o.s.b.a.h.H2ConsoleAutoConfiguration - H2 console available at '/h2-console'. Database available at 'jdbc:h2:file:~/people-management'
14:19:53.420 [restartedMain] INFO  o.s.o.j.LocalContainerEntityManagerFactoryBean - Initialized JPA EntityManagerFactory for persistence unit 'default'
14:19:53.551 [restartedMain] WARN  o.s.b.a.o.j.JpaBaseConfiguration$JpaWebConfiguration - spring.jpa.open-in-view is enabled by default. Therefore, database queries may be performed during view rendering. Explicitly configure spring.jpa.open-in-view to disable this warning
14:19:54.090 [restartedMain] INFO  o.s.b.d.a.OptionalLiveReloadServer - LiveReload server is running on port 35729
14:19:54.104 [restartedMain] INFO  o.s.b.w.e.tomcat.TomcatWebServer - Tomcat started on port(s): 8080 (http) with context path ''
14:19:54.110 [restartedMain] INFO  c.d.p.PeoplemanagementApplication - Started PeoplemanagementApplication in 1.123 seconds (process running for 427.361)
14:19:54.112 [restartedMain] INFO  o.s.b.d.a.ConditionEvaluationDeltaLoggingListener - Condition evaluation unchanged
14:20:45.098 [http-nio-8080-exec-2] INFO  o.s.web.servlet.DispatcherServlet - Initializing Servlet 'dispatcherServlet'
14:20:45.100 [http-nio-8080-exec-2] INFO  o.s.web.servlet.DispatcherServlet - Completed initialization in 1 ms
14:20:45.118 [http-nio-8080-exec-2] INFO  c.d.p.i.logger.LoggerAdapter - Adicionado endereço Endereco [id=null, logradouro=Rua sem número, cep=18125-444, numero=325, cidade=Campinas, principal=true] à pessoa de nome Marta Marciel e id 70
14:21:19.115 [http-nio-8080-exec-4] INFO  c.d.p.i.logger.LoggerAdapter - Removido endereço Endereco [id=34, logradouro=Rua sem número, cep=18125-444, numero=325, cidade=Campinas, principal=false] da pessoa de nome Marta Marciel e id 70
14:21:51.182 [http-nio-8080-exec-5] INFO  c.d.p.i.logger.LoggerAdapter - Editado endereço de id 35 da pessoa de nome Marta Marciel e id 70 para Endereco [id=35, logradouro=Rua Jucelino Ferreira, cep=18125-333, numero=302, cidade=Porto Feliz, principal=true]
14:22:32.805 [File Watcher] INFO  o.s.b.d.a.LocalDevToolsAutoConfiguration$RestartingClassPathChangeChangedEventListener - Restarting due to 1 class path change (0 additions, 0 deletions, 1 modification)
14:22:32.823 [Thread-24] INFO  o.s.o.j.LocalContainerEntityManagerFactoryBean - Closing JPA EntityManagerFactory for persistence unit 'default'
14:22:32.933 [restartedMain] INFO  c.d.p.PeoplemanagementApplication - Starting PeoplemanagementApplication using Java 17.0.1 with PID 69480 (C:\Users\dougl\Documents\codes\peoplemanagement\target\classes started by dougl in C:\Users\dougl\Documents\codes\peoplemanagement)
14:22:32.933 [restartedMain] DEBUG c.d.p.PeoplemanagementApplication - Running with Spring Boot v3.0.1, Spring v6.0.3
14:22:32.933 [restartedMain] INFO  c.d.p.PeoplemanagementApplication - No active profile set, falling back to 1 default profile: "default"
14:22:33.138 [restartedMain] INFO  o.s.d.r.c.RepositoryConfigurationDelegate - Bootstrapping Spring Data JPA repositories in DEFAULT mode.
14:22:33.148 [restartedMain] INFO  o.s.d.r.c.RepositoryConfigurationDelegate - Finished Spring Data repository scanning in 10 ms. Found 1 JPA repository interfaces.
14:22:33.229 [restartedMain] INFO  o.s.b.w.e.tomcat.TomcatWebServer - Tomcat initialized with port(s): 8080 (http)
14:22:33.262 [restartedMain] INFO  o.s.b.w.s.c.ServletWebServerApplicationContext - Root WebApplicationContext: initialization completed in 327 ms
14:22:33.288 [restartedMain] INFO  o.s.b.a.h.H2ConsoleAutoConfiguration - H2 console available at '/h2-console'. Database available at 'jdbc:h2:file:~/people-management'
14:22:33.360 [restartedMain] INFO  o.s.o.j.LocalContainerEntityManagerFactoryBean - Initialized JPA EntityManagerFactory for persistence unit 'default'
14:22:33.494 [restartedMain] WARN  o.s.b.a.o.j.JpaBaseConfiguration$JpaWebConfiguration - spring.jpa.open-in-view is enabled by default. Therefore, database queries may be performed during view rendering. Explicitly configure spring.jpa.open-in-view to disable this warning
14:22:34.115 [restartedMain] INFO  o.s.b.d.a.OptionalLiveReloadServer - LiveReload server is running on port 35729
14:22:34.127 [restartedMain] INFO  o.s.b.w.e.tomcat.TomcatWebServer - Tomcat started on port(s): 8080 (http) with context path ''
14:22:34.133 [restartedMain] INFO  c.d.p.PeoplemanagementApplication - Started PeoplemanagementApplication in 1.23 seconds (process running for 587.383)
14:22:34.135 [restartedMain] INFO  o.s.b.d.a.ConditionEvaluationDeltaLoggingListener - Condition evaluation unchanged
14:22:34.677 [http-nio-8080-exec-2] INFO  o.s.web.servlet.DispatcherServlet - Initializing Servlet 'dispatcherServlet'
14:22:34.678 [http-nio-8080-exec-2] INFO  o.s.web.servlet.DispatcherServlet - Completed initialization in 1 ms
14:22:34.698 [http-nio-8080-exec-2] INFO  c.d.p.i.logger.LoggerAdapter - Editado endereço da pessoa de nome Marta Marciel e id 70 para Endereco [id=35, logradouro=Rua Jucelino Ferreira, cep=18125-333, numero=302, cidade=Porto Feliz, principal=true]
14:24:31.256 [RMI TCP Connection(33)-127.0.0.1] INFO  o.s.b.a.SpringApplicationAdminMXBeanRegistrar$SpringApplicationAdmin - Application shutdown requested.
14:24:31.275 [RMI TCP Connection(33)-127.0.0.1] INFO  o.s.o.j.LocalContainerEntityManagerFactoryBean - Closing JPA EntityManagerFactory for persistence unit 'default'
